<?xml version="1.0" encoding="UTF-8"?>
<!-- Generated by org.testng.reporters.JUnitXMLReporter -->
<testsuite ignored="0" hostname="home-laptop" failures="1" tests="5" name="Test" time="63.466" errors="0" timestamp="2024-03-23T19:49:59 IST">
  <testcase classname="com.opencart.tests.LoginTest" name="testLoginLinkDisplay" time="0.379"/>
  <testcase classname="com.opencart.tests.LoginTest" name="loginWithTrueEmailAndTruePassword" time="3.201"/>
  <testcase classname="com.opencart.tests.LoginTest" name="loginWithTrueEmailAndFalsePassword" time="1.667"/>
  <testcase classname="com.opencart.tests.LoginTest" name="loginWithFalseEmailAndTruePassword" time="3.768"/>
  <testcase classname="com.opencart.tests.LoginTest" name="loginWithFalseEmailAndFalsePassword" time="3.154">
    <failure type="java.lang.AssertionError" message="expected [true] but found [false]">
      <![CDATA[java.lang.AssertionError: expected [true] but found [false]
at com.opencart.tests.LoginTest.loginWithFalseEmailAndFalsePassword(LoginTest.java:92)
at java.base/java.util.ArrayList.forEach(ArrayList.java:1511)
... Removed 31 stack frames]]>
    </failure>
  </testcase> <!-- loginWithFalseEmailAndFalsePassword -->
</testsuite> <!-- Test -->
